[02-Apr-2025 22:00:32 UTC] PHP Fatal error:  Out of memory (allocated 33554432) (tried to allocate 2097152 bytes) in /workspaces/Assignment-4/.wordpress/wp-content/plugins/ecommerce-product-catalog/modules/price/price-settings.php on line 30
[02-Apr-2025 22:00:34 UTC] PHP Fatal error:  Out of memory (allocated 31457280) (tried to allocate 2097152 bytes) in /workspaces/Assignment-4/.wordpress/wp-content/plugins/ecommerce-product-catalog/modules/price/price-settings.php on line 30
[02-Apr-2025 22:00:34 UTC] PHP Fatal error:  Out of memory (allocated 29360128) (tried to allocate 2097152 bytes) in /workspaces/Assignment-4/.wordpress/wp-content/plugins/ecommerce-product-catalog/modules/price/price-settings.php on line 30
[02-Apr-2025 22:00:35 UTC] PHP Fatal error:  Out of memory (allocated 29360128) (tried to allocate 2097152 bytes) in /workspaces/Assignment-4/.wordpress/wp-content/plugins/ecommerce-product-catalog/modules/price/price-settings.php on line 30
[02-Apr-2025 22:00:35 UTC] PHP Fatal error:  Out of memory (allocated 29360128) (tried to allocate 2097152 bytes) in /workspaces/Assignment-4/.wordpress/wp-content/plugins/ecommerce-product-catalog/modules/price/price-settings.php on line 30
[02-Apr-2025 22:00:35 UTC] PHP Fatal error:  Out of memory (allocated 29360128) (tried to allocate 2097152 bytes) in /workspaces/Assignment-4/.wordpress/wp-content/plugins/ecommerce-product-catalog/modules/price/price-settings.php on line 30
[02-Apr-2025 22:00:35 UTC] PHP Fatal error:  Out of memory (allocated 29360128) (tried to allocate 2097152 bytes) in /workspaces/Assignment-4/.wordpress/wp-content/plugins/ecommerce-product-catalog/modules/price/price-settings.php on line 30
[02-Apr-2025 22:00:36 UTC] PHP Fatal error:  Out of memory (allocated 29360128) (tried to allocate 2097152 bytes) in /workspaces/Assignment-4/.wordpress/wp-content/plugins/ecommerce-product-catalog/modules/price/price-settings.php on line 30
[02-Apr-2025 22:00:36 UTC] PHP Fatal error:  Out of memory (allocated 29360128) (tried to allocate 2097152 bytes) in /workspaces/Assignment-4/.wordpress/wp-content/plugins/ecommerce-product-catalog/modules/price/price-settings.php on line 30
[02-Apr-2025 22:00:41 UTC] PHP Fatal error:  Out of memory (allocated 29360128) (tried to allocate 2097152 bytes) in /workspaces/Assignment-4/.wordpress/wp-content/plugins/ecommerce-product-catalog/modules/price/price-meta.php on line 32
[02-Apr-2025 22:00:41 UTC] PHP Fatal error:  Out of memory (allocated 29360128) (tried to allocate 184320 bytes) in /workspaces/Assignment-4/.wordpress/wp-includes/pluggable.php on line 251
[02-Apr-2025 22:00:51 UTC] PHP Fatal error:  Out of memory (allocated 29360128) (tried to allocate 2097152 bytes) in /workspaces/Assignment-4/.wordpress/wp-content/plugins/ecommerce-product-catalog/modules/price/price-meta.php on line 32
[02-Apr-2025 22:01:01 UTC] PHP Fatal error:  Out of memory (allocated 29360128) (tried to allocate 2097152 bytes) in /workspaces/Assignment-4/.wordpress/wp-content/plugins/ecommerce-product-catalog/modules/price/price-meta.php on line 32
[02-Apr-2025 22:01:12 UTC] PHP Fatal error:  Out of memory (allocated 29360128) (tried to allocate 2097152 bytes) in /workspaces/Assignment-4/.wordpress/wp-content/plugins/ecommerce-product-catalog/modules/price/price-meta.php on line 32
[02-Apr-2025 22:01:32 UTC] PHP Fatal error:  Out of memory (allocated 29360128) (tried to allocate 2097152 bytes) in /workspaces/Assignment-4/.wordpress/wp-content/plugins/ecommerce-product-catalog/modules/price/price-settings.php on line 28
[02-Apr-2025 22:02:06 UTC] PHP Fatal error:  Out of memory (allocated 29360128) (tried to allocate 2097152 bytes) in /workspaces/Assignment-4/.wordpress/wp-content/plugins/ecommerce-product-catalog/modules/price/price-meta.php on line 32
[02-Apr-2025 22:02:16 UTC] PHP Fatal error:  Out of memory (allocated 29360128) (tried to allocate 2097152 bytes) in /workspaces/Assignment-4/.wordpress/wp-content/plugins/ecommerce-product-catalog/modules/price/price-meta.php on line 32
[02-Apr-2025 22:02:19 UTC] PHP Fatal error:  Out of memory (allocated 29360128) (tried to allocate 2097152 bytes) in /workspaces/Assignment-4/.wordpress/wp-content/plugins/ecommerce-product-catalog/modules/price/price-meta.php on line 70
[02-Apr-2025 22:02:21 UTC] PHP Fatal error:  Out of memory (allocated 29360128) (tried to allocate 2097152 bytes) in /workspaces/Assignment-4/.wordpress/wp-content/plugins/ecommerce-product-catalog/functions/functions.php on line 1833
[02-Apr-2025 22:19:48 UTC] PHP Warning:  Undefined property: WP_Ajax_Upgrader_Skin::$api in /workspaces/Assignment-4/.wordpress/wp-admin/includes/class-theme-upgrader.php on line 160
[02-Apr-2025 22:24:02 UTC] PHP Warning:  Undefined property: WP_Ajax_Upgrader_Skin::$api in /workspaces/Assignment-4/.wordpress/wp-admin/includes/class-theme-upgrader.php on line 160
[02-Apr-2025 22:24:05 UTC] PHP Warning:  Undefined variable $indicator_pro_installed in /workspaces/Assignment-4/.wordpress/wp-content/themes/shuttle-shop-dark/functions.php on line 103
[02-Apr-2025 22:24:05 UTC] PHP Warning:  Cannot modify header information - headers already sent by (output started at /workspaces/Assignment-4/.wordpress/wp-content/themes/shuttle-shop-dark/functions.php:103) in /workspaces/Assignment-4/.wordpress/wp-includes/pluggable.php on line 1435
[02-Apr-2025 22:24:05 UTC] PHP Warning:  Cannot modify header information - headers already sent by (output started at /workspaces/Assignment-4/.wordpress/wp-content/themes/shuttle-shop-dark/functions.php:103) in /workspaces/Assignment-4/.wordpress/wp-includes/pluggable.php on line 1438
